This is pdfTeX, Version 3.14159265-2.6-1.40.17 (MiKTeX 2.9.6210 64-bit) (preloaded format=pdflatex 2017.2.15)  28 JAN 2019 16:57
entering extended mode
**./talk.tex
(talk.tex
LaTeX2e <2017/01/01> patch level 1
Babel <3.9r> and hyphenation patterns for 75 language(s) loaded.
("C:\Program Files\MiKTeX 2.9\tex\latex\base\article.cls"
Document Class: article 2014/09/29 v1.4h Standard LaTeX document class
("C:\Program Files\MiKTeX 2.9\tex\latex\base\size10.clo"
File: size10.clo 2014/09/29 v1.4h Standard LaTeX file (size option)
)
\c@part=\count79
\c@section=\count80
\c@subsection=\count81
\c@subsubsection=\count82
\c@paragraph=\count83
\c@subparagraph=\count84
\c@figure=\count85
\c@table=\count86
\abovecaptionskip=\skip41
\belowcaptionskip=\skip42
\bibindent=\dimen102
)
(C:\nick\tex-extras\tex\latex\packages\nvefoil.sty
Package: nvefoil 2013/01/16 Transparancy facility version 2.1/6 NvE 16-jan-2013


("C:\Program Files\MiKTeX 2.9\tex\latex\base\ifthen.sty"
Package: ifthen 2014/09/29 v1.1c Standard LaTeX ifthen package (DPC)
)
(C:\nick\tex-extras\tex\latex\packages\nvecmd.sty
Package: nvecmd 2011/01/15 Private commands version 1.0/17 NvE 15-jan-2011

("C:\Program Files\MiKTeX 2.9\tex\latex\amsmath\amsmath.sty"
Package: amsmath 2016/11/05 v2.16a AMS math features
\@mathmargin=\skip43

For additional information on amsmath, use the `?' option.
("C:\Program Files\MiKTeX 2.9\tex\latex\amsmath\amstext.sty"
Package: amstext 2000/06/29 v2.01 AMS text

("C:\Program Files\MiKTeX 2.9\tex\latex\amsmath\amsgen.sty"
File: amsgen.sty 1999/11/30 v2.0 generic functions
\@emptytoks=\toks14
\ex@=\dimen103
))
("C:\Program Files\MiKTeX 2.9\tex\latex\amsmath\amsbsy.sty"
Package: amsbsy 1999/11/29 v1.2d Bold Symbols
\pmbraise@=\dimen104
)
("C:\Program Files\MiKTeX 2.9\tex\latex\amsmath\amsopn.sty"
Package: amsopn 2016/03/08 v2.02 operator names
)
\inf@bad=\count87
LaTeX Info: Redefining \frac on input line 213.
\uproot@=\count88
\leftroot@=\count89
LaTeX Info: Redefining \overline on input line 375.
\classnum@=\count90
\DOTSCASE@=\count91
LaTeX Info: Redefining \ldots on input line 472.
LaTeX Info: Redefining \dots on input line 475.
LaTeX Info: Redefining \cdots on input line 596.
\Mathstrutbox@=\box26
\strutbox@=\box27
\big@size=\dimen105
LaTeX Font Info:    Redeclaring font encoding OML on input line 712.
LaTeX Font Info:    Redeclaring font encoding OMS on input line 713.
\macc@depth=\count92
\c@MaxMatrixCols=\count93
\dotsspace@=\muskip10
\c@parentequation=\count94
\dspbrk@lvl=\count95
\tag@help=\toks15
\row@=\count96
\column@=\count97
\maxfields@=\count98
\andhelp@=\toks16
\eqnshift@=\dimen106
\alignsep@=\dimen107
\tagshift@=\dimen108
\tagwidth@=\dimen109
\totwidth@=\dimen110
\lineht@=\dimen111
\@envbody=\toks17
\multlinegap=\skip44
\multlinetaggap=\skip45
\mathdisplay@stack=\toks18
LaTeX Info: Redefining \[ on input line 2817.
LaTeX Info: Redefining \] on input line 2818.
)
("C:\Program Files\MiKTeX 2.9\tex\latex\amsfonts\amssymb.sty"
Package: amssymb 2013/01/14 v3.01 AMS font symbols

("C:\Program Files\MiKTeX 2.9\tex\latex\amsfonts\amsfonts.sty"
Package: amsfonts 2013/01/14 v3.01 Basic AMSFonts support
\symAMSa=\mathgroup4
\symAMSb=\mathgroup5
LaTeX Font Info:    Overwriting math alphabet `\mathfrak' in version `bold'
(Font)                  U/euf/m/n --> U/euf/b/n on input line 106.
))
("C:\Program Files\MiKTeX 2.9\tex\generic\dvips\colordvi.sty")
("C:\Program Files\MiKTeX 2.9\tex\latex\graphics\color.sty"
Package: color 2016/07/10 v1.1e Standard LaTeX Color (DPC)

("C:\Program Files\MiKTeX 2.9\tex\latex\graphics-cfg\color.cfg"
File: color.cfg 2016/01/02 v1.6 sample color configuration
)
Package color Info: Driver file: pdftex.def on input line 147.

("C:\Program Files\MiKTeX 2.9\tex\latex\graphics-def\pdftex.def"
File: pdftex.def 2017/01/12 v0.06k Graphics/color for pdfTeX

("C:\Program Files\MiKTeX 2.9\tex\generic\oberdiek\infwarerr.sty"
Package: infwarerr 2016/05/16 v1.4 Providing info/warning/error messages (HO)
)
("C:\Program Files\MiKTeX 2.9\tex\generic\oberdiek\ltxcmds.sty"
Package: ltxcmds 2016/05/16 v1.23 LaTeX kernel commands for general use (HO)
)
\Gread@gobject=\count99
))
("C:\Program Files\MiKTeX 2.9\tex\latex\psnfss\pifont.sty"
Package: pifont 2005/04/12 PSNFSS-v9.2a Pi font support (SPQR) 
LaTeX Font Info:    Try loading font information for U+pzd on input line 63.

("C:\Program Files\MiKTeX 2.9\tex\latex\psnfss\upzd.fd"
File: upzd.fd 2001/06/04 font definitions for U/pzd.
)
LaTeX Font Info:    Try loading font information for U+psy on input line 64.

("C:\Program Files\MiKTeX 2.9\tex\latex\psnfss\upsy.fd"
File: upsy.fd 2001/06/04 font definitions for U/psy.
))
("C:\Program Files\MiKTeX 2.9\tex\latex\base\latexsym.sty"
Package: latexsym 1998/08/17 v2.2e Standard LaTeX package (lasy symbols)
\symlasy=\mathgroup6
LaTeX Font Info:    Overwriting symbol font `lasy' in version `bold'
(Font)                  U/lasy/m/n --> U/lasy/b/n on input line 52.
)
Package color Info: Redefining color yellow on input line 220.
Package color Info: Redefining color cyan on input line 221.
Package color Info: Redefining color magenta on input line 222.
\slashbox=\box28
LaTeX Font Info:    Try loading font information for U+msa on input line 243.

("C:\Program Files\MiKTeX 2.9\tex\latex\amsfonts\umsa.fd"
File: umsa.fd 2013/01/14 v3.01 AMS symbols A
)
LaTeX Font Info:    Try loading font information for U+msb on input line 243.

("C:\Program Files\MiKTeX 2.9\tex\latex\amsfonts\umsb.fd"
File: umsb.fd 2013/01/14 v3.01 AMS symbols B
)
LaTeX Font Info:    Try loading font information for U+lasy on input line 243.

("C:\Program Files\MiKTeX 2.9\tex\latex\base\ulasy.fd"
File: ulasy.fd 1998/08/17 v2.2e LaTeX symbol font definitions
)
LaTeX Font Info:    Font shape `U/lasy/b/n' in size <7> not available
(Font)              Font shape `U/lasy/m/n' tried instead on input line 243.
LaTeX Font Info:    Font shape `U/lasy/b/n' in size <5> not available
(Font)              Font shape `U/lasy/m/n' tried instead on input line 243.
\Slashbox=\box29
LaTeX Font Info:    Font shape `U/lasy/b/n' in size <8> not available
(Font)              Font shape `U/lasy/m/n' tried instead on input line 244.
LaTeX Font Info:    Font shape `U/lasy/b/n' in size <6> not available
(Font)              Font shape `U/lasy/m/n' tried instead on input line 244.
)
("C:\Program Files\MiKTeX 2.9\tex\latex\fancyhdr\fancyhdr.sty"
Package: fancyhdr 2016/09/06 3.8 Extensive control of page headers and footers
\fancy@headwidth=\skip46
\f@ncyO@elh=\skip47
\f@ncyO@erh=\skip48
\f@ncyO@olh=\skip49
\f@ncyO@orh=\skip50
\f@ncyO@elf=\skip51
\f@ncyO@erf=\skip52
\f@ncyO@olf=\skip53
\f@ncyO@orf=\skip54
)
("C:\Program Files\MiKTeX 2.9\tex\latex\graphics\epsfig.sty"
Package: epsfig 1999/02/16 v1.7a (e)psfig emulation (SPQR)

("C:\Program Files\MiKTeX 2.9\tex\latex\graphics\graphicx.sty"
Package: graphicx 2014/10/28 v1.0g Enhanced LaTeX Graphics (DPC,SPQR)

("C:\Program Files\MiKTeX 2.9\tex\latex\graphics\keyval.sty"
Package: keyval 2014/10/28 v1.15 key=value parser (DPC)
\KV@toks@=\toks19
)
("C:\Program Files\MiKTeX 2.9\tex\latex\graphics\graphics.sty"
Package: graphics 2016/10/09 v1.0u Standard LaTeX Graphics (DPC,SPQR)

("C:\Program Files\MiKTeX 2.9\tex\latex\graphics\trig.sty"
Package: trig 2016/01/03 v1.10 sin cos tan (DPC)
)
("C:\Program Files\MiKTeX 2.9\tex\latex\graphics-cfg\graphics.cfg"
File: graphics.cfg 2016/06/04 v1.11 sample graphics configuration
)
Package graphics Info: Driver file: pdftex.def on input line 99.
)
\Gin@req@height=\dimen112
\Gin@req@width=\dimen113
)
\epsfxsize=\dimen114
\epsfysize=\dimen115
)
(C:\nick\tex-extras\tex\latex\packages\rotating.sty
Style option: rotating.sty, v1.7 <93/5/21> (SPQR / LMB)
\rot@box=\box30
\rot@tempbox=\box31
\rot@temp=\dimen116
\rot@width=\dimen117
\rot@height=\dimen118
\rot@depth=\dimen119
\rot@right=\dimen120
\rot@left=\dimen121
\rot@angle=\count100
\rot@count=\count101
\rot@circle=\count102
) (C:\nick\tex-extras\tex\latex\packages\floatfig.sty
\figbox=\box32
\pagebox=\box33
\ffigcount=\count103
\fftest=\count104
\hangcount=\count105
\nosuccesstryfig=\count106
\figgutter=\dimen122
\htdone=\dimen123
\pageht=\dimen124
\startpageht=\dimen125
\outputpretest=\toks20
)
(C:\nick\tex-extras\tex\latex\packages\wrapfig.sty
\WF@wrappedlines=\count107
)
(C:\nick\tex-extras\tex\latex\packages\shadow.sty
shadow.sty -- version 1.0/1 NVE 02-apr-1996 22:53
\sht=\dimen126
\shw=\dimen127
\shbox=\box34
\sboxsep=\dimen128
\sboxrule=\dimen129
\sdim=\dimen130
)
\Ftitle=\box35
\oldsrule=\dimen131
\oldssep=\dimen132
\oldsdim=\dimen133
\oldfrule=\dimen134
\oldfsep=\dimen135
) (talk.aux)
\openout1 = `talk.aux'.

LaTeX Font Info:    Checking defaults for OML/cmm/m/it on input line 12.
LaTeX Font Info:    ... okay on input line 12.
LaTeX Font Info:    Checking defaults for T1/cmr/m/n on input line 12.
LaTeX Font Info:    ... okay on input line 12.
LaTeX Font Info:    Checking defaults for OT1/cmr/m/n on input line 12.
LaTeX Font Info:    ... okay on input line 12.
LaTeX Font Info:    Checking defaults for OMS/cmsy/m/n on input line 12.
LaTeX Font Info:    ... okay on input line 12.
LaTeX Font Info:    Checking defaults for OMX/cmex/m/n on input line 12.
LaTeX Font Info:    ... okay on input line 12.
LaTeX Font Info:    Checking defaults for U/cmr/m/n on input line 12.
LaTeX Font Info:    ... okay on input line 12.
 ("C:\Program Files\MiKTeX 2.9\tex\context\base\supp-pdf.mkii"
[Loading MPS to PDF converter (version 2006.09.02).]
\scratchcounter=\count108
\scratchdimen=\dimen136
\scratchbox=\box36
\nofMPsegments=\count109
\nofMParguments=\count110
\everyMPshowfont=\toks21
\MPscratchCnt=\count111
\MPscratchDim=\dimen137
\MPnumerator=\count112
\makeMPintoPDFobject=\count113
\everyMPtoPDFconversion=\toks22
) ("C:\Program Files\MiKTeX 2.9\tex\generic\oberdiek\pdftexcmds.sty"
Package: pdftexcmds 2016/05/21 v0.22 Utility functions of pdfTeX for LuaTeX (HO
)

("C:\Program Files\MiKTeX 2.9\tex\generic\oberdiek\ifluatex.sty"
Package: ifluatex 2016/05/16 v1.4 Provides the ifluatex switch (HO)
Package ifluatex Info: LuaTeX not detected.
)
("C:\Program Files\MiKTeX 2.9\tex\generic\oberdiek\ifpdf.sty"
Package: ifpdf 2016/05/14 v3.1 Provides the ifpdf switch
)
Package pdftexcmds Info: LuaTeX not detected.
Package pdftexcmds Info: \pdf@primitive is available.
Package pdftexcmds Info: \pdf@ifprimitive is available.
Package pdftexcmds Info: \pdfdraftmode found.
)
("C:\Program Files\MiKTeX 2.9\tex\latex\oberdiek\epstopdf-base.sty"
Package: epstopdf-base 2016/05/15 v2.6 Base part for package epstopdf

("C:\Program Files\MiKTeX 2.9\tex\latex\oberdiek\grfext.sty"
Package: grfext 2016/05/16 v1.2 Manage graphics extensions (HO)

("C:\Program Files\MiKTeX 2.9\tex\generic\oberdiek\kvdefinekeys.sty"
Package: kvdefinekeys 2016/05/16 v1.4 Define keys (HO)
))
("C:\Program Files\MiKTeX 2.9\tex\latex\oberdiek\kvoptions.sty"
Package: kvoptions 2016/05/16 v3.12 Key value format for package options (HO)

("C:\Program Files\MiKTeX 2.9\tex\generic\oberdiek\kvsetkeys.sty"
Package: kvsetkeys 2016/05/16 v1.17 Key value parser (HO)

("C:\Program Files\MiKTeX 2.9\tex\generic\oberdiek\etexcmds.sty"
Package: etexcmds 2016/05/16 v1.6 Avoid name clashes with e-TeX commands (HO)
Package etexcmds Info: Could not find \expanded.
(etexcmds)             That can mean that you are not using pdfTeX 1.50 or
(etexcmds)             that some package has redefined \expanded.
(etexcmds)             In the latter case, load this package earlier.
)))
Package epstopdf-base Info: Redefining graphics rule for `.eps' on input line 4
38.
Package grfext Info: Graphics extension search list:
(grfext)             [.png,.pdf,.jpg,.mps,.jpeg,.jbig2,.jb2,.PNG,.PDF,.JPG,.JPE
G,.JBIG2,.JB2,.eps]
(grfext)             \AppendGraphicsExtensions on input line 456.
)
<vublogo.jpg, id=1, 284.262pt x 101.9007pt>
File: vublogo.jpg Graphic file (type jpg)
 <use vublogo.jpg>
Package pdftex.def Info: vublogo.jpg used on input line 21.
(pdftex.def)             Requested size: 158.7432pt x 56.9055pt.

<iihelogo.jpg, id=2, 944.02687pt x 494.59781pt>
File: iihelogo.jpg Graphic file (type jpg)
 <use iihelogo.jpg>
Package pdftex.def Info: iihelogo.jpg used on input line 22.
(pdftex.def)             Requested size: 108.61122pt x 56.9055pt.
 (talk.toc)
\tf@toc=\write3
\openout3 = `talk.toc'.


[1

{C:/ProgramData/MiKTeX/2.9/pdftex/config/pdftex.map} <C:/nick/tex-extras/tex/la
tex/misc/vublogo.jpg> <C:/nick/tex-extras/tex/latex/misc/iihelogo.jpg>]
(intro.tex
Het zichtbare heelal
<optical2.jpg, id=8, 693.59125pt x 553.06625pt>
File: optical2.jpg Graphic file (type jpg)
 <use optical2.jpg>
Package pdftex.def Info: optical2.jpg used on input line 5.
(pdftex.def)             Requested size: 142.26378pt x 113.43839pt.

<radio2.jpg, id=9, 578.16pt x 379.4175pt>
File: radio2.jpg Graphic file (type jpg)
 <use radio2.jpg>
Package pdftex.def Info: radio2.jpg used on input line 6.
(pdftex.def)             Requested size: 199.16928pt x 130.70233pt.

<cgro2.jpg, id=10, 624.08156pt x 351.56343pt>
File: cgro2.jpg Graphic file (type jpg)
 <use cgro2.jpg>
Package pdftex.def Info: cgro2.jpg used on input line 7.
(pdftex.def)             Requested size: 369.88582pt x 208.37012pt.

<milky-way.png, id=11, 794.97pt x 367.3725pt>
File: milky-way.png Graphic file (type png)
 <use milky-way.png>
Package pdftex.def Info: milky-way.png used on input line 14.
(pdftex.def)             Requested size: 369.88582pt x 170.93855pt.

<virgo.png, id=12, 123.3408pt x 123.3408pt>
File: virgo.png Graphic file (type png)
 <use virgo.png>
Package pdftex.def Info: virgo.png used on input line 15.
(pdftex.def)             Requested size: 227.64426pt x 227.62204pt.
File: vublogo.jpg Graphic file (type jpg)
 <use vublogo.jpg>
Package pdftex.def Info: vublogo.jpg used on input line 18.
(pdftex.def)             Requested size: 134.93042pt x 48.36958pt.

<icecubelogo.jpg, id=13, 13.7313pt x 14.454pt>
File: icecubelogo.jpg Graphic file (type jpg)
 <use icecubelogo.jpg>
Package pdftex.def Info: icecubelogo.jpg used on input line 18.
(pdftex.def)             Requested size: 62.1727pt x 65.44142pt.


Package Fancyhdr Warning: \headheight is too small (62.59605pt): 
 Make it at least 69.04146pt.
 We now make it that large for the rest of the document.
 This may cause the page layout to be inconsistent, however.

[1


 <C:/nick/tex-extras/tex/latex/misc/icecubelogo.jpg> <./optical2.jpg> <./radio2
.jpg> <./cgro2.jpg> <./milky-way.png> <./virgo.png>]
LaTeX Font Info:    Try loading font information for OMS+cmss on input line 21.

LaTeX Font Info:    No file OMScmss.fd. on input line 21.


LaTeX Font Warning: Font shape `OMS/cmss/bx/n' undefined
(Font)              using `OMS/cmsy/m/n' instead
(Font)              for symbol `textbullet' on input line 21.

<bang.jpg, id=17, 156.86699pt x 139.46419pt>
File: bang.jpg Graphic file (type jpg)
 <use bang.jpg>
Package pdftex.def Info: bang.jpg used on input line 25.
(pdftex.def)             Requested size: 341.43306pt x 303.59814pt.

Overfull \hbox (9.92824pt too wide) in paragraph at lines 39--40
[][][][][][][] 
 []

) (app.tex
File: vublogo.jpg Graphic file (type jpg)
 <use vublogo.jpg>
Package pdftex.def Info: vublogo.jpg used on input line 1.
(pdftex.def)             Requested size: 134.93042pt x 48.36958pt.
File: icecubelogo.jpg Graphic file (type jpg)
 <use icecubelogo.jpg>
Package pdftex.def Info: icecubelogo.jpg used on input line 1.
(pdftex.def)             Requested size: 62.1727pt x 65.44142pt.
 [2 <./bang.jpg>]
Het onzichtbare heelal
<frontiers.jpg, id=22, 700.0554pt x 512.1534pt>
File: frontiers.jpg Graphic file (type jpg)
 <use frontiers.jpg>
Package pdftex.def Info: frontiers.jpg used on input line 4.
(pdftex.def)             Requested size: 579.50764pt x 423.94588pt.
File: vublogo.jpg Graphic file (type jpg)

<use vublogo.jpg>
Package pdftex.def Info: vublogo.jpg used on input line 7.
(pdftex.def)             Requested size: 134.93042pt x 48.36958pt.
File: icecubelogo.jpg Graphic file (type jpg)
 <use icecubelogo.jpg>
Package pdftex.def Info: icecubelogo.jpg used on input line 7.
(pdftex.def)             Requested size: 62.1727pt x 65.44142pt.
 [3

 <./frontiers.jpg>]
<nuclear-fission.png, id=26, 471.6822pt x 266.9172pt>
File: nuclear-fission.png Graphic file (type png)

<use nuclear-fission.png>
Package pdftex.def Info: nuclear-fission.png used on input line 11.
(pdftex.def)             Requested size: 284.52756pt x 161.01498pt.
 <nuclear-fusion.png, id=27, 458.6736pt x 267.8808pt>
File: nuclear-fusion.png Graphic file (type png)

<use nuclear-fusion.png>
Package pdftex.def Info: nuclear-fusion.png used on input line 30.
(pdftex.def)             Requested size: 284.52756pt x 166.17839pt.
File: vublogo.jpg Graphic file (type jpg)
 <use vublogo.jpg>
Package pdftex.def Info: vublogo.jpg used on input line 44.
(pdftex.def)             Requested size: 134.93042pt x 48.36958pt.
File: icecubelogo.jpg Graphic file (type jpg)
 <use icecubelogo.jpg>
Package pdftex.def Info: icecubelogo.jpg used on input line 44.
(pdftex.def)             Requested size: 62.1727pt x 65.44142pt.
 [4

 <./nuclear-fission.png> <./nuclear-fusion.png>]
<crab.jpg, id=34, 217.62816pt x 219.26445pt>
File: crab.jpg Graphic file (type jpg)
 <use crab.jpg>
Package pdftex.def Info: crab.jpg used on input line 47.
(pdftex.def)             Requested size: 423.63268pt x 426.79134pt.
File: vublogo.jpg Graphic file (type jpg)
 <use vublogo.jpg>
Package pdftex.def Info: vublogo.jpg used on input line 50.
(pdftex.def)             Requested size: 134.93042pt x 48.36958pt.
File: icecubelogo.jpg Graphic file (type jpg)

<use icecubelogo.jpg>
Package pdftex.def Info: icecubelogo.jpg used on input line 50.
(pdftex.def)             Requested size: 62.1727pt x 65.44142pt.
 [5

 <./crab.jpg>]
<Cas_A.jpg, id=38, 514.0806pt x 514.0806pt>
File: Cas_A.jpg Graphic file (type jpg)
 <use Cas_A.jpg>
Package pdftex.def Info: Cas_A.jpg used on input line 52.
(pdftex.def)             Requested size: 426.80446pt x 426.79134pt.
File: vublogo.jpg Graphic file (type jpg)
 <use vublogo.jpg>
Package pdftex.def Info: vublogo.jpg used on input line 55.
(pdftex.def)             Requested size: 134.93042pt x 48.36958pt.
File: icecubelogo.jpg Graphic file (type jpg)

<use icecubelogo.jpg>
Package pdftex.def Info: icecubelogo.jpg used on input line 55.
(pdftex.def)             Requested size: 62.1727pt x 65.44142pt.
 [6 <./Cas_A.jpg>]
<cosray.jpg, id=43, 996.72375pt x 1514.65875pt>
File: cosray.jpg Graphic file (type jpg)
 <use cosray.jpg>
Package pdftex.def Info: cosray.jpg used on input line 58.
(pdftex.def)             Requested size: 280.84497pt x 426.79134pt.

<cr-low-e.png, id=44, 292.9344pt x 340.1508pt>
File: cr-low-e.png Graphic file (type png)
 <use cr-low-e.png>
Package pdftex.def Info: cr-low-e.png used on input line 65.
(pdftex.def)             Requested size: 343.06711pt x 398.33858pt.
File: vublogo.jpg Graphic file (type jpg)

<use vublogo.jpg>
Package pdftex.def Info: vublogo.jpg used on input line 68.
(pdftex.def)             Requested size: 134.93042pt x 48.36958pt.
File: icecubelogo.jpg Graphic file (type jpg)
 <use icecubelogo.jpg>
Package pdftex.def Info: icecubelogo.jpg used on input line 68.
(pdftex.def)             Requested size: 62.1727pt x 65.44142pt.
 [7

 <./cosray.jpg> <./cr-low-e.png>]
<cr-all-scaled26.png, id=48, 924.45375pt x 689.57625pt>
File: cr-all-scaled26.png Graphic file (type png)

<use cr-all-scaled26.png>
Package pdftex.def Info: cr-all-scaled26.png used on input line 72.
(pdftex.def)             Requested size: 369.88582pt x 275.90977pt.
File: vublogo.jpg Graphic file (type jpg)
 <use vublogo.jpg>
Package pdftex.def Info: vublogo.jpg used on input line 89.
(pdftex.def)             Requested size: 134.93042pt x 48.36958pt.
File: icecubelogo.jpg Graphic file (type jpg)
 <use icecubelogo.jpg>
Package pdftex.def Info: icecubelogo.jpg used on input line 89.
(pdftex.def)             Requested size: 62.1727pt x 65.44142pt.
 [8 <./cr-all-scaled26.png>]
File: cr-all-scaled26.png Graphic file (type png)
 <use cr-all-scaled26.png>
Package pdftex.def Info: cr-all-scaled26.png used on input line 108.
(pdftex.def)             Requested size: 369.88582pt x 275.90977pt.
File: vublogo.jpg Graphic file (type jpg)
 <use vublogo.jpg>
Package pdftex.def Info: vublogo.jpg used on input line 117.
(pdftex.def)             Requested size: 134.93042pt x 48.36958pt.
File: icecubelogo.jpg Graphic file (type jpg)

<use icecubelogo.jpg>
Package pdftex.def Info: icecubelogo.jpg used on input line 117.
(pdftex.def)             Requested size: 62.1727pt x 65.44142pt.
 [9] <M87jet.jpg, id=56, 402.50375pt x 342.27875pt>
File: M87jet.jpg Graphic file (type jpg)

<use M87jet.jpg>
Package pdftex.def Info: M87jet.jpg used on input line 120.
(pdftex.def)             Requested size: 369.88582pt x 314.53989pt.
 <grb.jpg, id=57, 60.225pt x 58.7796pt>
File: grb.jpg Graphic file (type jpg)
 <use grb.jpg>
Package pdftex.def Info: grb.jpg used on input line 127.
(pdftex.def)             Requested size: 170.71652pt x 166.6356pt.

<grb2.jpg, id=58, 3513.125pt x 2007.5pt>
File: grb2.jpg Graphic file (type jpg)
 <use grb2.jpg>
Package pdftex.def Info: grb2.jpg used on input line 128.
(pdftex.def)             Requested size: 341.43306pt x 195.09485pt.
File: vublogo.jpg Graphic file (type jpg)
 <use vublogo.jpg>
Package pdftex.def Info: vublogo.jpg used on input line 131.
(pdftex.def)             Requested size: 134.93042pt x 48.36958pt.
File: icecubelogo.jpg Graphic file (type jpg)

<use icecubelogo.jpg>
Package pdftex.def Info: icecubelogo.jpg used on input line 131.
(pdftex.def)             Requested size: 62.1727pt x 65.44142pt.
 [10 <./M87jet.jpg> <./grb.jpg> <./grb2.jpg>]
<GRB-T90.jpg, id=62, 451.6875pt x 322.20375pt>
File: GRB-T90.jpg Graphic file (type jpg)
 <use GRB-T90.jpg>
Package pdftex.def Info: GRB-T90.jpg used on input line 135.
(pdftex.def)             Requested size: 284.52756pt x 202.97469pt.

<GRB-phases2.jpg, id=63, 1132.23pt x 913.4125pt>
File: GRB-phases2.jpg Graphic file (type jpg)
 <use GRB-phases2.jpg>
Package pdftex.def Info: GRB-phases2.jpg used on input line 136.
(pdftex.def)             Requested size: 455.24408pt x 367.25403pt.
File: vublogo.jpg Graphic file (type jpg)

<use vublogo.jpg>
Package pdftex.def Info: vublogo.jpg used on input line 140.
(pdftex.def)             Requested size: 134.93042pt x 48.36958pt.
File: icecubelogo.jpg Graphic file (type jpg)
 <use icecubelogo.jpg>
Package pdftex.def Info: icecubelogo.jpg used on input line 140.
(pdftex.def)             Requested size: 62.1727pt x 65.44142pt.
 [11

 <./GRB-T90.jpg> <./GRB-phases2.jpg>] <agn-1.png, id=67, 195.129pt x 227.28915p
t>
File: agn-1.png Graphic file (type png)
 <use agn-1.png>
Package pdftex.def Info: agn-1.png used on input line 144.
(pdftex.def)             Requested size: 305.34384pt x 355.65944pt.

<jet.png, id=68, 431.6928pt x 648.5028pt>
File: jet.png Graphic file (type png)
 <use jet.png>
Package pdftex.def Info: jet.png used on input line 152.
(pdftex.def)             Requested size: 232.96571pt x 349.96898pt.

Overfull \hbox (10.89366pt too wide) in paragraph at lines 153--154
 [][][][][][][] 
 []

) (nu-hunt.tex
File: vublogo.jpg Graphic file (type jpg)
 <use vublogo.jpg>
Package pdftex.def Info: vublogo.jpg used on input line 1.
(pdftex.def)             Requested size: 134.93042pt x 48.36958pt.
File: icecubelogo.jpg Graphic file (type jpg)
 <use icecubelogo.jpg>
Package pdftex.def Info: icecubelogo.jpg used on input line 1.
(pdftex.def)             Requested size: 62.1727pt x 65.44142pt.
 [12

 <./agn-1.png> <./jet.png>]
Jacht op kosmische neutrino's
<app-vertical.jpg, id=73, 91.542pt x 160.1985pt>
File: app-vertical.jpg Graphic file (type jpg)
 <use app-vertical.jpg>
Package pdftex.def Info: app-vertical.jpg used on input line 4.
(pdftex.def)             Requested size: 255.27802pt x 446.70818pt.

<earth-shield.png, id=74, 294.8616pt x 629.2308pt>
File: earth-shield.png Graphic file (type png)
 <use earth-shield.png>
Package pdftex.def Info: earth-shield.png used on input line 10.
(pdftex.def)             Requested size: 186.66362pt x 398.33858pt.
)
(icecube.tex
File: vublogo.jpg Graphic file (type jpg)
 <use vublogo.jpg>
Package pdftex.def Info: vublogo.jpg used on input line 2.
(pdftex.def)             Requested size: 134.93042pt x 48.36958pt.
File: icecubelogo.jpg Graphic file (type jpg)
 <use icecubelogo.jpg>
Package pdftex.def Info: icecubelogo.jpg used on input line 2.
(pdftex.def)             Requested size: 62.1727pt x 65.44142pt.
 [13

 <./app-vertical.jpg> <./earth-shield.png>] <icecube-collab2.jpg, id=78, 154.17
6pt x 102.8643pt>
File: icecube-collab2.jpg Graphic file (type jpg)

<use icecube-collab2.jpg>
Package pdftex.def Info: icecube-collab2.jpg used on input line 5.
(pdftex.def)             Requested size: 639.81131pt x 426.79134pt.
File: vublogo.jpg Graphic file (type jpg)
 <use vublogo.jpg>
Package pdftex.def Info: vublogo.jpg used on input line 8.
(pdftex.def)             Requested size: 134.93042pt x 48.36958pt.
File: icecubelogo.jpg Graphic file (type jpg)
 <use icecubelogo.jpg>
Package pdftex.def Info: icecubelogo.jpg used on input line 8.
(pdftex.def)             Requested size: 62.1727pt x 65.44142pt.
 [14

 <./icecube-collab2.jpg>] <pole-view.jpg, id=82, 361.35pt x 210.45024pt>
File: pole-view.jpg Graphic file (type jpg)

<use pole-view.jpg>
Package pdftex.def Info: pole-view.jpg used on input line 10.
(pdftex.def)             Requested size: 708.42865pt x 412.56496pt.
File: vublogo.jpg Graphic file (type jpg)
 <use vublogo.jpg>
Package pdftex.def Info: vublogo.jpg used on input line 13.
(pdftex.def)             Requested size: 134.93042pt x 48.36958pt.
File: icecubelogo.jpg Graphic file (type jpg)
 <use icecubelogo.jpg>
Package pdftex.def Info: icecubelogo.jpg used on input line 13.
(pdftex.def)             Requested size: 62.1727pt x 65.44142pt.
 [15 <./pole-view.jpg>] <ic86-dc.png, id=86, 224.037pt x 194.4063pt>
File: ic86-dc.png Graphic file (type png)
 <use ic86-dc.png>
Package pdftex.def Info: ic86-dc.png used on input line 15.
(pdftex.def)             Requested size: 459.12154pt x 398.33858pt.
File: vublogo.jpg Graphic file (type jpg)

<use vublogo.jpg>
Package pdftex.def Info: vublogo.jpg used on input line 18.
(pdftex.def)             Requested size: 134.93042pt x 48.36958pt.
File: icecubelogo.jpg Graphic file (type jpg)
 <use icecubelogo.jpg>
Package pdftex.def Info: icecubelogo.jpg used on input line 18.
(pdftex.def)             Requested size: 62.1727pt x 65.44142pt.
 [16 <./ic86-dc.png>]
<icetop-snow.png, id=90, 942.52126pt x 710.655pt>
File: icetop-snow.png Graphic file (type png)
 <use icetop-snow.png>
Package pdftex.def Info: icetop-snow.png used on input line 20.
(pdftex.def)             Requested size: 547.18047pt x 412.56496pt.
File: vublogo.jpg Graphic file (type jpg)

<use vublogo.jpg>
Package pdftex.def Info: vublogo.jpg used on input line 23.
(pdftex.def)             Requested size: 134.93042pt x 48.36958pt.
File: icecubelogo.jpg Graphic file (type jpg)
 <use icecubelogo.jpg>
Package pdftex.def Info: icecubelogo.jpg used on input line 23.
(pdftex.def)             Requested size: 62.1727pt x 65.44142pt.
 [17 <./icetop-snow.png>]
<cr-shower2.png, id=94, 628.3475pt x 476.78125pt>
File: cr-shower2.png Graphic file (type png)
 <use cr-shower2.png>
Package pdftex.def Info: cr-shower2.png used on input line 26.
(pdftex.def)             Requested size: 524.99907pt x 398.33858pt.
File: vublogo.jpg Graphic file (type jpg)

<use vublogo.jpg>
Package pdftex.def Info: vublogo.jpg used on input line 29.
(pdftex.def)             Requested size: 134.93042pt x 48.36958pt.
File: icecubelogo.jpg Graphic file (type jpg)
 <use icecubelogo.jpg>
Package pdftex.def Info: icecubelogo.jpg used on input line 29.
(pdftex.def)             Requested size: 62.1727pt x 65.44142pt.
 [18 <./cr-shower2.png>]
<hole2.jpg, id=99, 531.9875pt x 298.11375pt>
File: hole2.jpg Graphic file (type jpg)
 <use hole2.jpg>
Package pdftex.def Info: hole2.jpg used on input line 31.
(pdftex.def)             Requested size: 710.8789pt x 398.33858pt.
File: vublogo.jpg Graphic file (type jpg)
 <use vublogo.jpg>
Package pdftex.def Info: vublogo.jpg used on input line 34.
(pdftex.def)             Requested size: 134.93042pt x 48.36958pt.
File: icecubelogo.jpg Graphic file (type jpg)

<use icecubelogo.jpg>
Package pdftex.def Info: icecubelogo.jpg used on input line 34.
(pdftex.def)             Requested size: 62.1727pt x 65.44142pt.
 [19 <./hole2.jpg>]
<dom.jpg, id=103, 165.61874pt x 164.11313pt>
File: dom.jpg Graphic file (type jpg)
 <use dom.jpg>
Package pdftex.def Info: dom.jpg used on input line 37.
(pdftex.def)             Requested size: 172.28491pt x 170.71652pt.

<event.jpg, id=104, 198.7425pt x 301.125pt>
File: event.jpg Graphic file (type jpg)
 <use event.jpg>
Package pdftex.def Info: event.jpg used on input line 38.
(pdftex.def)             Requested size: 131.4555pt x 199.16928pt.

<cone.jpg, id=105, 132.495pt x 131.0496pt>
File: cone.jpg Graphic file (type jpg)
 <use cone.jpg>
Package pdftex.def Info: cone.jpg used on input line 44.
(pdftex.def)             Requested size: 384.1122pt x 379.99608pt.

Overfull \hbox (8.8437pt too wide) in paragraph at lines 44--45
 [] 
 []

File: vublogo.jpg Graphic file (type jpg)
<use vublogo.jpg>
Package pdftex.def Info: vublogo.jpg used on input line 47.
(pdftex.def)             Requested size: 134.93042pt x 48.36958pt.
File: icecubelogo.jpg Graphic file (type jpg)
 <use icecubelogo.jpg>
Package pdftex.def Info: icecubelogo.jpg used on input line 47.
(pdftex.def)             Requested size: 62.1727pt x 65.44142pt.
 [20

 <./dom.jpg> <./event.jpg> <./cone.jpg>] <icl2.jpg, id=109, 501.875pt x 335.252
5pt>
File: icl2.jpg Graphic file (type jpg)
 <use icl2.jpg>
Package pdftex.def Info: icl2.jpg used on input line 50.
(pdftex.def)             Requested size: 596.31204pt x 398.33858pt.
File: vublogo.jpg Graphic file (type jpg)

<use vublogo.jpg>
Package pdftex.def Info: vublogo.jpg used on input line 53.
(pdftex.def)             Requested size: 134.93042pt x 48.36958pt.
File: icecubelogo.jpg Graphic file (type jpg)
 <use icecubelogo.jpg>
Package pdftex.def Info: icecubelogo.jpg used on input line 53.
(pdftex.def)             Requested size: 62.1727pt x 65.44142pt.
 [21

 <./icl2.jpg>]
<moon-shadow1.png, id=113, 1088.065pt x 599.23875pt>
File: moon-shadow1.png Graphic file (type png)
 <use moon-shadow1.png>
Package pdftex.def Info: moon-shadow1.png used on input line 58.
(pdftex.def)             Requested size: 413.30298pt x 227.62204pt.

<moon-shadow2.png, id=114, 585.18625pt x 416.55624pt>
File: moon-shadow2.png Graphic file (type png)
 <use moon-shadow2.png>
Package pdftex.def Info: moon-shadow2.png used on input line 59.
(pdftex.def)             Requested size: 319.77292pt x 227.62204pt.
File: vublogo.jpg Graphic file (type jpg)

<use vublogo.jpg>
Package pdftex.def Info: vublogo.jpg used on input line 63.
(pdftex.def)             Requested size: 134.93042pt x 48.36958pt.
File: icecubelogo.jpg Graphic file (type jpg)
 <use icecubelogo.jpg>
Package pdftex.def Info: icecubelogo.jpg used on input line 63.
(pdftex.def)             Requested size: 62.1727pt x 65.44142pt.
 [22

 <./moon-shadow1.png> <./moon-shadow2.png>] <icecube-skymap-7years.png, id=118,
 1124.2pt x 761.84625pt>
File: icecube-skymap-7years.png Graphic file (type png)

<use icecube-skymap-7years.png>
Package pdftex.def Info: icecube-skymap-7years.png used on input line 67.
(pdftex.def)             Requested size: 587.79515pt x 398.33858pt.
) (grbs.tex
File: vublogo.jpg Graphic file (type jpg)
 <use vublogo.jpg>
Package pdftex.def Info: vublogo.jpg used on input line 1.
(pdftex.def)             Requested size: 134.93042pt x 48.36958pt.
File: icecubelogo.jpg Graphic file (type jpg)

<use icecubelogo.jpg>
Package pdftex.def Info: icecubelogo.jpg used on input line 1.
(pdftex.def)             Requested size: 62.1727pt x 65.44142pt.
 [23

 <./icecube-skymap-7years.png>]
Neutrino's van kosmische gammaflitsen

Underfull \hbox (badness 10000) in paragraph at lines 8--9

 []


Underfull \hbox (badness 10000) in paragraph at lines 9--10

 []

<atm-bkg.png, id=122, 415.5525pt x 629.35126pt>
File: atm-bkg.png Graphic file (type png)
 <use atm-bkg.png>
Package pdftex.def Info: atm-bkg.png used on input line 18.
(pdftex.def)             Requested size: 300.59254pt x 455.24408pt.

Overfull \vbox (7.11317pt too high) has occurred while \output is active []

File: vublogo.jpg Graphic file (type jpg)

<use vublogo.jpg>
Package pdftex.def Info: vublogo.jpg used on input line 19.
(pdftex.def)             Requested size: 134.93042pt x 48.36958pt.
File: icecubelogo.jpg Graphic file (type jpg)
 <use icecubelogo.jpg>
Package pdftex.def Info: icecubelogo.jpg used on input line 19.
(pdftex.def)             Requested size: 62.1727pt x 65.44142pt.
 [24

 <./atm-bkg.png>]) (muppets.tex
The Muppets on Ice
<bert.png, id=127, 772.8875pt x 705.63625pt>
File: bert.png Graphic file (type png)
 <use bert.png>
Package pdftex.def Info: bert.png used on input line 5.
(pdftex.def)             Requested size: 369.88582pt x 337.70021pt.

<ernie.png, id=128, 773.89125pt x 704.6325pt>
File: ernie.png Graphic file (type png)
 <use ernie.png>
Package pdftex.def Info: ernie.png used on input line 14.
(pdftex.def)             Requested size: 369.88582pt x 336.77902pt.
File: vublogo.jpg Graphic file (type jpg)

<use vublogo.jpg>
Package pdftex.def Info: vublogo.jpg used on input line 19.
(pdftex.def)             Requested size: 134.93042pt x 48.36958pt.
File: icecubelogo.jpg Graphic file (type jpg)
 <use icecubelogo.jpg>
Package pdftex.def Info: icecubelogo.jpg used on input line 19.
(pdftex.def)             Requested size: 62.1727pt x 65.44142pt.
 [25

 <./bert.png> <./ernie.png>]
<kermit.png, id=132, 769.87625pt x 705.63625pt>
File: kermit.png Graphic file (type png)
 <use kermit.png>
Package pdftex.def Info: kermit.png used on input line 23.
(pdftex.def)             Requested size: 369.88582pt x 339.02457pt.

<miss-piggy.png, id=133, 771.88374pt x 704.6325pt>
File: miss-piggy.png Graphic file (type png)
 <use miss-piggy.png>
Package pdftex.def Info: miss-piggy.png used on input line 29.
(pdftex.def)             Requested size: 369.88582pt x 337.66068pt.
File: vublogo.jpg Graphic file (type jpg)

<use vublogo.jpg>
Package pdftex.def Info: vublogo.jpg used on input line 32.
(pdftex.def)             Requested size: 134.93042pt x 48.36958pt.
File: icecubelogo.jpg Graphic file (type jpg)
 <use icecubelogo.jpg>
Package pdftex.def Info: icecubelogo.jpg used on input line 32.
(pdftex.def)             Requested size: 62.1727pt x 65.44142pt.
 [26

 <./kermit.png> <./miss-piggy.png>]
<dr-strangepork.png, id=137, 770.88pt x 704.6325pt>
File: dr-strangepork.png Graphic file (type png)
 <use dr-strangepork.png>
Package pdftex.def Info: dr-strangepork.png used on input line 36.
(pdftex.def)             Requested size: 369.88582pt x 338.09074pt.

<gonzo-the-great.png, id=138, 771.88374pt x 705.63625pt>
File: gonzo-the-great.png Graphic file (type png)

<use gonzo-the-great.png>
Package pdftex.def Info: gonzo-the-great.png used on input line 42.
(pdftex.def)             Requested size: 369.88582pt x 338.14166pt.
File: vublogo.jpg Graphic file (type jpg)
 <use vublogo.jpg>
Package pdftex.def Info: vublogo.jpg used on input line 45.
(pdftex.def)             Requested size: 134.93042pt x 48.36958pt.
File: icecubelogo.jpg Graphic file (type jpg)
 <use icecubelogo.jpg>
Package pdftex.def Info: icecubelogo.jpg used on input line 45.
(pdftex.def)             Requested size: 62.1727pt x 65.44142pt.
 [27

 <./dr-strangepork.png> <./gonzo-the-great.png>]
<hese-e-6yr.png, id=142, 666.49pt x 628.3475pt>
File: hese-e-6yr.png Graphic file (type png)
 <use hese-e-6yr.png>
Package pdftex.def Info: hese-e-6yr.png used on input line 50.
(pdftex.def)             Requested size: 331.97295pt x 312.9803pt.

<hese-decl-6yr.png, id=143, 624.3325pt x 637.38126pt>
File: hese-decl-6yr.png Graphic file (type png)
 <use hese-decl-6yr.png>
Package pdftex.def Info: hese-decl-6yr.png used on input line 51.
(pdftex.def)             Requested size: 306.57341pt x 312.9803pt.
File: vublogo.jpg Graphic file (type jpg)

<use vublogo.jpg>
Package pdftex.def Info: vublogo.jpg used on input line 56.
(pdftex.def)             Requested size: 134.93042pt x 48.36958pt.
File: icecubelogo.jpg Graphic file (type jpg)
 <use icecubelogo.jpg>
Package pdftex.def Info: icecubelogo.jpg used on input line 56.
(pdftex.def)             Requested size: 62.1727pt x 65.44142pt.
 [28

 <./hese-e-6yr.png> <./hese-decl-6yr.png>] <breakthrough.png, id=147, 485.1726p
t x 529.4982pt>
File: breakthrough.png Graphic file (type png)

<use breakthrough.png>
Package pdftex.def Info: breakthrough.png used on input line 59.
(pdftex.def)             Requested size: 391.07765pt x 426.79134pt.
File: vublogo.jpg Graphic file (type jpg)
 <use vublogo.jpg>
Package pdftex.def Info: vublogo.jpg used on input line 62.
(pdftex.def)             Requested size: 134.93042pt x 48.36958pt.
File: icecubelogo.jpg Graphic file (type jpg)
 <use icecubelogo.jpg>
Package pdftex.def Info: icecubelogo.jpg used on input line 62.
(pdftex.def)             Requested size: 62.1727pt x 65.44142pt.
 [29

 <./breakthrough.png>] <hese-skymap-gal-6yr.png, id=151, 817.0525pt x 489.83pt>
File: hese-skymap-gal-6yr.png Graphic file (type png)

<use hese-skymap-gal-6yr.png>
Package pdftex.def Info: hese-skymap-gal-6yr.png used on input line 66.
(pdftex.def)             Requested size: 617.0018pt x 369.88582pt.
) (nu-gamma.tex
File: vublogo.jpg Graphic file (type jpg)
 <use vublogo.jpg>
Package pdftex.def Info: vublogo.jpg used on input line 1.
(pdftex.def)             Requested size: 134.93042pt x 48.36958pt.
File: icecubelogo.jpg Graphic file (type jpg)

<use icecubelogo.jpg>
Package pdftex.def Info: icecubelogo.jpg used on input line 1.
(pdftex.def)             Requested size: 62.1727pt x 65.44142pt.
 [30

 <./hese-skymap-gal-6yr.png>]
De Neutrino-Gamma connectie
<IC170922A-event.png, id=156, 975.645pt x 498.86375pt>
File: IC170922A-event.png Graphic file (type png)

<use IC170922A-event.png>
Package pdftex.def Info: IC170922A-event.png used on input line 6.
(pdftex.def)             Requested size: 667.77687pt x 341.43306pt.
File: vublogo.jpg Graphic file (type jpg)
 <use vublogo.jpg>
Package pdftex.def Info: vublogo.jpg used on input line 9.
(pdftex.def)             Requested size: 134.93042pt x 48.36958pt.
File: icecubelogo.jpg Graphic file (type jpg)
 <use icecubelogo.jpg>
Package pdftex.def Info: icecubelogo.jpg used on input line 9.
(pdftex.def)             Requested size: 62.1727pt x 65.44142pt.
 [31

 <./IC170922A-event.png>] <IC170922A.png, id=160, 849.1725pt x 705.63625pt>
File: IC170922A.png Graphic file (type png)

<use IC170922A.png>
Package pdftex.def Info: IC170922A.png used on input line 13.
(pdftex.def)             Requested size: 479.36873pt x 398.33858pt.
File: vublogo.jpg Graphic file (type jpg)
 <use vublogo.jpg>
Package pdftex.def Info: vublogo.jpg used on input line 16.
(pdftex.def)             Requested size: 134.93042pt x 48.36958pt.
File: icecubelogo.jpg Graphic file (type jpg)
 <use icecubelogo.jpg>
Package pdftex.def Info: icecubelogo.jpg used on input line 16.
(pdftex.def)             Requested size: 62.1727pt x 65.44142pt.
 [32

 <./IC170922A.png>] <IC170922A-Fermi.png, id=164, 1277.77374pt x 396.48125pt>
File: IC170922A-Fermi.png Graphic file (type png)

<use IC170922A-Fermi.png>
Package pdftex.def Info: IC170922A-Fermi.png used on input line 21.
(pdftex.def)             Requested size: 711.3189pt x 220.71516pt.
File: vublogo.jpg Graphic file (type jpg)
 <use vublogo.jpg>
Package pdftex.def Info: vublogo.jpg used on input line 24.
(pdftex.def)             Requested size: 134.93042pt x 48.36958pt.
File: icecubelogo.jpg Graphic file (type jpg)
 <use icecubelogo.jpg>
Package pdftex.def Info: icecubelogo.jpg used on input line 24.
(pdftex.def)             Requested size: 62.1727pt x 65.44142pt.
 [33

 <./IC170922A-Fermi.png>] <IC170922A-area.png, id=168, 739.76375pt x 727.71875p
t>
File: IC170922A-area.png Graphic file (type png)

<use IC170922A-area.png>
Package pdftex.def Info: IC170922A-area.png used on input line 26.
(pdftex.def)             Requested size: 384.1122pt x 377.86072pt.

Overfull \hbox (8.8437pt too wide) in paragraph at lines 26--27
[][] 
 []

File: vublogo.jpg Graphic file (type jpg)
<use vublogo.jpg>
Package pdftex.def Info: vublogo.jpg used on input line 43.
(pdftex.def)             Requested size: 134.93042pt x 48.36958pt.
File: icecubelogo.jpg Graphic file (type jpg)
 <use icecubelogo.jpg>
Package pdftex.def Info: icecubelogo.jpg used on input line 43.
(pdftex.def)             Requested size: 62.1727pt x 65.44142pt.
 [34

 <./IC170922A-area.png>]
<txs-time-dependent-IC86b.png, id=172, 1024.82875pt x 378.41376pt>
File: txs-time-dependent-IC86b.png Graphic file (type png)

<use txs-time-dependent-IC86b.png>
Package pdftex.def Info: txs-time-dependent-IC86b.png used on input line 56.
(pdftex.def)             Requested size: 682.86613pt x 252.14433pt.
) (outlook.tex
File: vublogo.jpg Graphic file (type jpg)
 <use vublogo.jpg>
Package pdftex.def Info: vublogo.jpg used on input line 1.
(pdftex.def)             Requested size: 134.93042pt x 48.36958pt.
File: icecubelogo.jpg Graphic file (type jpg)

<use icecubelogo.jpg>
Package pdftex.def Info: icecubelogo.jpg used on input line 1.
(pdftex.def)             Requested size: 62.1727pt x 65.44142pt.
 [35

 <./txs-time-dependent-IC86b.png>]
Samenvatting en Vooruitzichten
File: vublogo.jpg Graphic file (type jpg)
<use vublogo.jpg>
Package pdftex.def Info: vublogo.jpg used on input line 22.
(pdftex.def)             Requested size: 134.93042pt x 48.36958pt.
File: icecubelogo.jpg Graphic file (type jpg)
 <use icecubelogo.jpg>
Package pdftex.def Info: icecubelogo.jpg used on input line 22.
(pdftex.def)             Requested size: 62.1727pt x 65.44142pt.
 [36

]
<icecube-gen2.jpg, id=180, 1284.8pt x 779.91376pt>
File: icecube-gen2.jpg Graphic file (type jpg)
 <use icecube-gen2.jpg>
Package pdftex.def Info: icecube-gen2.jpg used on input line 25.
(pdftex.def)             Requested size: 703.07419pt x 426.79134pt.
)
File: vublogo.jpg Graphic file (type jpg)

<use vublogo.jpg>
Package pdftex.def Info: vublogo.jpg used on input line 41.
(pdftex.def)             Requested size: 134.93042pt x 48.36958pt.
File: icecubelogo.jpg Graphic file (type jpg)
 <use icecubelogo.jpg>
Package pdftex.def Info: icecubelogo.jpg used on input line 41.
(pdftex.def)             Requested size: 62.1727pt x 65.44142pt.
 [37

 <./icecube-gen2.jpg>] (talk.aux)

LaTeX Font Warning: Some font shapes were not available, defaults substituted.

 ) 
Here is how much of TeX's memory you used:
 3513 strings out of 493333
 45981 string characters out of 3139150
 111106 words of memory out of 3000000
 6862 multiletter control sequences out of 15000+200000
 21692 words of font info for 87 fonts, out of 3000000 for 9000
 1141 hyphenation exceptions out of 8191
 43i,16n,45p,232b,399s stack positions out of 5000i,500n,10000p,200000b,50000s
<C:/Program Files/MiKTeX 2.9/fonts/type1/public/amsfonts/cm/cmbsy10.pfb><C:/P
rogram Files/MiKTeX 2.9/fonts/type1/public/amsfonts/cm/cmbx12.pfb><C:/Program F
iles/MiKTeX 2.9/fonts/type1/public/amsfonts/cm/cmex10.pfb><C:/Program Files/MiK
TeX 2.9/fonts/type1/public/amsfonts/cm/cmmib10.pfb><C:/Program Files/MiKTeX 2.9
/fonts/type1/public/amsfonts/cm/cmssbx10.pfb><C:/Program Files/MiKTeX 2.9/fonts
/type1/public/amsfonts/cm/cmsy10.pfb>
Output written on talk.pdf (38 pages, 10983060 bytes).
PDF statistics:
 206 PDF objects out of 1000 (max. 8388607)
 0 named destinations out of 1000 (max. 500000)
 281 words of extra memory for PDF output out of 10000 (max. 10000000)

